<?xml version="1.0" encoding="UTF-8"?>
<testng-results ignored="0" total="1" passed="1" failed="0" skipped="0">
  <reporter-output>
  </reporter-output>
  <suite started-at="2021-03-05T14:44:23 EST" name="Surefire suite" finished-at="2021-03-05T14:44:23 EST" duration-ms="43">
    <groups>
    </groups>
    <test started-at="2021-03-05T14:44:23 EST" name="Surefire test" finished-at="2021-03-05T14:44:23 EST" duration-ms="43">
      <class name="example.NewTest">
        <test-method is-config="true" signature="beforeTest()[pri:0, instance:example.NewTest@7c7b252e]" started-at="2021-03-05T14:44:23 EST" name="beforeTest" finished-at="2021-03-05T14:44:23 EST" duration-ms="10" status="PASS">
          <reporter-output>
          </reporter-output>
        </test-method> <!-- beforeTest -->
        <test-method signature="f()[pri:0, instance:example.NewTest@7c7b252e]" started-at="2021-03-05T14:44:23 EST" name="f" finished-at="2021-03-05T14:44:23 EST" duration-ms="1" status="PASS">
          <reporter-output>
          </reporter-output>
        </test-method> <!-- f -->
        <test-method is-config="true" signature="afterTest()[pri:0, instance:example.NewTest@7c7b252e]" started-at="2021-03-05T14:44:23 EST" name="afterTest" finished-at="2021-03-05T14:44:23 EST" duration-ms="0" status="PASS">
          <reporter-output>
          </reporter-output>
        </test-method> <!-- afterTest -->
      </class> <!-- example.NewTest -->
    </test> <!-- Surefire test -->
  </suite> <!-- Surefire suite -->
</testng-results>
