<?xml version="1.0" encoding="UTF-8"?>
<testng-results ignored="0" total="1" passed="1" failed="0" skipped="0">
  <reporter-output>
  </reporter-output>
  <suite started-at="2021-03-05T14:43:07 EST" name="Suite" finished-at="2021-03-05T14:43:07 EST" duration-ms="55">
    <groups>
    </groups>
    <test started-at="2021-03-05T14:43:07 EST" name="Test" finished-at="2021-03-05T14:43:07 EST" duration-ms="55">
      <class name="example.NewTest">
        <test-method is-config="true" signature="beforeTest()[pri:0, instance:example.NewTest@3943a2be]" started-at="2021-03-05T14:43:07 EST" name="beforeTest" finished-at="2021-03-05T14:43:07 EST" duration-ms="11" status="PASS">
          <reporter-output>
          </reporter-output>
        </test-method> <!-- beforeTest -->
        <test-method signature="f()[pri:0, instance:example.NewTest@3943a2be]" started-at="2021-03-05T14:43:07 EST" name="f" finished-at="2021-03-05T14:43:07 EST" duration-ms="5" status="PASS">
          <reporter-output>
          </reporter-output>
        </test-method> <!-- f -->
        <test-method is-config="true" signature="afterTest()[pri:0, instance:example.NewTest@3943a2be]" started-at="2021-03-05T14:43:07 EST" name="afterTest" finished-at="2021-03-05T14:43:07 EST" duration-ms="0" status="PASS">
          <reporter-output>
          </reporter-output>
        </test-method> <!-- afterTest -->
      </class> <!-- example.NewTest -->
    </test> <!-- Test -->
  </suite> <!-- Suite -->
</testng-results>
