<?xml version="1.0" encoding="UTF-8"?>
<testng-results skipped="0" failed="0" ignored="0" total="1" passed="1">
  <reporter-output>
  </reporter-output>
  <suite name="Default suite" duration-ms="17166" started-at="2021-04-22T20:03:25 EDT" finished-at="2021-04-22T20:03:42 EDT">
    <groups>
    </groups>
    <test name="Default test" duration-ms="17166" started-at="2021-04-22T20:03:25 EDT" finished-at="2021-04-22T20:03:42 EDT">
      <class name="tests.AddToCart">
        <test-method status="PASS" signature="lauchBrowser()[pri:0, instance:tests.AddToCart@69a3d1d]" name="lauchBrowser" is-config="true" duration-ms="7598" started-at="2021-04-22T20:03:25 EDT" finished-at="2021-04-22T20:03:33 EDT">
          <reporter-output>
          </reporter-output>
        </test-method> <!-- lauchBrowser -->
        <test-method status="PASS" signature="addTocart()[pri:0, instance:tests.AddToCart@69a3d1d]" name="addTocart" duration-ms="8587" started-at="2021-04-22T20:03:33 EDT" finished-at="2021-04-22T20:03:41 EDT">
          <reporter-output>
          </reporter-output>
        </test-method> <!-- addTocart -->
        <test-method status="PASS" signature="terminateBrowser()[pri:0, instance:tests.AddToCart@69a3d1d]" name="terminateBrowser" is-config="true" duration-ms="923" started-at="2021-04-22T20:03:41 EDT" finished-at="2021-04-22T20:03:42 EDT">
          <reporter-output>
          </reporter-output>
        </test-method> <!-- terminateBrowser -->
      </class> <!-- tests.AddToCart -->
    </test> <!-- Default test -->
  </suite> <!-- Default suite -->
</testng-results>
