<?xml version="1.0" encoding="UTF-8"?>
<!-- Generated by org.testng.reporters.JUnitXMLReporter -->
<testsuite ignored="0" hostname="Alpha-3HLS322" failures="0" tests="3" name="Default test" time="13.821" errors="0" timestamp="2021-03-16T20:58:56 EDT">
  <testcase classname="LearnSelenium.LearnTestNG" name="start_Homepage" time="0.026"/>
  <testcase classname="LearnSelenium.LearnTestNG" name="check_Title" time="0.006"/>
  <testcase classname="LearnSelenium.LearnTestNG" name="click_Elements" time="0.989"/>
</testsuite> <!-- Default test -->
