<?xml version="1.0" encoding="UTF-8"?>
<!-- Generated by org.testng.reporters.JUnitXMLReporter -->
<testsuite ignored="0" hostname="Alpha-3HLS322" failures="0" tests="4" name="negative login" time="10.659" errors="0" timestamp="2021-04-05T14:45:38 EDT">
  <testcase classname="TestCases.TC_negativeLogin" name="FailtoLogin" time="0.369"/>
  <testcase classname="TestCases.TC_negativeLogin" name="FailtoLogin" time="0.329"/>
  <testcase classname="TestCases.TC_negativeLogin" name="FailtoLogin" time="0.328"/>
  <testcase classname="TestCases.TC_negativeLogin" name="FailtoLogin" time="0.324"/>
</testsuite> <!-- negative login -->
