<?xml version="1.0" encoding="UTF-8"?>
<testng-results ignored="6" total="7" passed="1" failed="0" skipped="0">
  <reporter-output>
  </reporter-output>
  <suite started-at="2021-03-09T16:18:37 EST" name="Default suite" finished-at="2021-03-09T16:18:48 EST" duration-ms="10820">
    <groups>
    </groups>
    <test started-at="2021-03-09T16:18:37 EST" name="Default test" finished-at="2021-03-09T16:18:48 EST" duration-ms="10820">
      <class name="ecommerceLive.EcommerceTest">
        <test-method is-config="true" signature="launchBrowser()[pri:0, instance:ecommerceLive.EcommerceTest@ec756bd]" started-at="2021-03-09T16:18:37 EST" name="launchBrowser" finished-at="2021-03-09T16:18:42 EST" duration-ms="5014" status="PASS">
          <reporter-output>
          </reporter-output>
        </test-method> <!-- launchBrowser -->
        <test-method signature="addtocart()[pri:2, instance:ecommerceLive.EcommerceTest@ec756bd]" started-at="2021-03-09T16:18:42 EST" name="addtocart" finished-at="2021-03-09T16:18:47 EST" duration-ms="4846" status="PASS">
          <reporter-output>
          </reporter-output>
        </test-method> <!-- addtocart -->
        <test-method is-config="true" signature="tearDown()[pri:0, instance:ecommerceLive.EcommerceTest@ec756bd]" started-at="2021-03-09T16:18:47 EST" name="tearDown" finished-at="2021-03-09T16:18:48 EST" duration-ms="929" status="PASS">
          <reporter-output>
          </reporter-output>
        </test-method> <!-- tearDown -->
      </class> <!-- ecommerceLive.EcommerceTest -->
    </test> <!-- Default test -->
  </suite> <!-- Default suite -->
</testng-results>
