<?xml version="1.0" encoding="UTF-8"?>
<!-- Generated by org.testng.reporters.JUnitXMLReporter -->
<testsuite ignored="6" hostname="Alpha-3HLS322" failures="0" tests="1" name="Default test" time="10.82" errors="0" timestamp="2021-03-09T16:18:48 EST">
  <testcase classname="ecommerceLive.EcommerceTest" name="addtocart" time="4.846"/>
  <testcase classname="ecommerceLive.EcommerceTest" name="sortbyname" time="0.0">
    <ignored/>
  </testcase> <!-- sortbyname -->
  <testcase classname="ecommerceLive.EcommerceTest" name="compareProduct" time="0.0">
    <ignored/>
  </testcase> <!-- compareProduct -->
  <testcase classname="ecommerceLive.EcommerceTest" name="verifyCost" time="0.0">
    <ignored/>
  </testcase> <!-- verifyCost -->
  <testcase classname="ecommerceLive.EcommerceTest" name="pdf" time="0.0">
    <ignored/>
  </testcase> <!-- pdf -->
  <testcase classname="ecommerceLive.EcommerceTest" name="createAccandWishlist" time="0.0">
    <ignored/>
  </testcase> <!-- createAccandWishlist -->
  <testcase classname="ecommerceLive.EcommerceTest" name="purchaseProduct" time="0.0">
    <ignored/>
  </testcase> <!-- purchaseProduct -->
</testsuite> <!-- Default test -->
