<?xml version="1.0" encoding="UTF-8"?>
<!-- Generated by org.testng.reporters.JUnitXMLReporter -->
<testsuite ignored="0" hostname="Alpha-3HLS322" failures="0" tests="4" name="Default test" time="8.726" errors="0" timestamp="2021-04-05T15:28:00 EDT">
  <testcase classname="TestCases.TC_negativeLogin" name="FailtoLogin" time="0.366"/>
  <testcase classname="TestCases.TC_negativeLogin" name="FailtoLogin" time="0.322"/>
  <testcase classname="TestCases.TC_negativeLogin" name="FailtoLogin" time="0.314"/>
  <testcase classname="TestCases.TC_negativeLogin" name="FailtoLogin" time="0.308"/>
</testsuite> <!-- Default test -->
