<?xml version="1.0" encoding="UTF-8"?>
<testng-results ignored="0" total="4" passed="4" failed="0" skipped="0">
  <reporter-output>
  </reporter-output>
  <suite started-at="2021-04-05T15:27:51 EDT" name="Default suite" finished-at="2021-04-05T15:28:00 EDT" duration-ms="8726">
    <groups>
    </groups>
    <test started-at="2021-04-05T15:27:51 EDT" name="Default test" finished-at="2021-04-05T15:28:00 EDT" duration-ms="8726">
      <class name="TestCases.TC_negativeLogin">
        <test-method is-config="true" signature="lauchtoLoginPage()[pri:0, instance:TestCases.TC_negativeLogin@5ace1ed4]" started-at="2021-04-05T15:27:51 EDT" name="lauchtoLoginPage" finished-at="2021-04-05T15:27:58 EDT" duration-ms="6708" status="PASS">
          <reporter-output>
          </reporter-output>
        </test-method> <!-- lauchtoLoginPage -->
        <test-method signature="FailtoLogin(java.lang.String, java.lang.String)[pri:0, instance:TestCases.TC_negativeLogin@5ace1ed4]" started-at="2021-04-05T15:27:58 EDT" name="FailtoLogin" data-provider="loginFail_Dp" finished-at="2021-04-05T15:27:59 EDT" duration-ms="366" status="PASS">
          <params>
            <param index="0">
              <value>
                <![CDATA[un1wroing]]>
              </value>
            </param>
            <param index="1">
              <value>
                <![CDATA[ ]]>
              </value>
            </param>
          </params>
          <reporter-output>
          </reporter-output>
        </test-method> <!-- FailtoLogin -->
        <test-method signature="FailtoLogin(java.lang.String, java.lang.String)[pri:0, instance:TestCases.TC_negativeLogin@5ace1ed4]" started-at="2021-04-05T15:27:59 EDT" name="FailtoLogin" data-provider="loginFail_Dp" finished-at="2021-04-05T15:27:59 EDT" duration-ms="322" status="PASS">
          <params>
            <param index="0">
              <value>
                <![CDATA[un222 ]]>
              </value>
            </param>
            <param index="1">
              <value>
                <![CDATA[pw222]]>
              </value>
            </param>
          </params>
          <reporter-output>
          </reporter-output>
        </test-method> <!-- FailtoLogin -->
        <test-method signature="FailtoLogin(java.lang.String, java.lang.String)[pri:0, instance:TestCases.TC_negativeLogin@5ace1ed4]" started-at="2021-04-05T15:27:59 EDT" name="FailtoLogin" data-provider="loginFail_Dp" finished-at="2021-04-05T15:27:59 EDT" duration-ms="314" status="PASS">
          <params>
            <param index="0">
              <value>
                <![CDATA[un33333 ]]>
              </value>
            </param>
            <param index="1">
              <value>
                <![CDATA[pw222]]>
              </value>
            </param>
          </params>
          <reporter-output>
          </reporter-output>
        </test-method> <!-- FailtoLogin -->
        <test-method signature="FailtoLogin(java.lang.String, java.lang.String)[pri:0, instance:TestCases.TC_negativeLogin@5ace1ed4]" started-at="2021-04-05T15:27:59 EDT" name="FailtoLogin" data-provider="loginFail_Dp" finished-at="2021-04-05T15:28:00 EDT" duration-ms="308" status="PASS">
          <params>
            <param index="0">
              <value>
                <![CDATA[un44444 ]]>
              </value>
            </param>
            <param index="1">
              <value>
                <![CDATA[pw222]]>
              </value>
            </param>
          </params>
          <reporter-output>
          </reporter-output>
        </test-method> <!-- FailtoLogin -->
        <test-method is-config="true" signature="terminateBroswer()[pri:0, instance:TestCases.TC_negativeLogin@5ace1ed4]" started-at="2021-04-05T15:28:00 EDT" name="terminateBroswer" finished-at="2021-04-05T15:28:00 EDT" duration-ms="670" status="PASS">
          <reporter-output>
          </reporter-output>
        </test-method> <!-- terminateBroswer -->
      </class> <!-- TestCases.TC_negativeLogin -->
    </test> <!-- Default test -->
  </suite> <!-- Default suite -->
</testng-results>
