<?xml version="1.0" encoding="UTF-8"?>
<testng-results ignored="0" total="1" passed="1" failed="0" skipped="0">
  <reporter-output>
  </reporter-output>
  <suite started-at="2021-03-16T23:59:08Z" name="Suite" finished-at="2021-03-16T23:59:15Z" duration-ms="7114">
    <groups>
    </groups>
    <test started-at="2021-03-16T23:59:08Z" name="Test" finished-at="2021-03-16T23:59:15Z" duration-ms="7114">
      <class name="LearningMaven.Learn">
        <test-method is-config="true" signature="launchBrowser()[pri:0, instance:LearningMaven.Learn@5d7148e2]" started-at="2021-03-16T23:59:08Z" name="launchBrowser" finished-at="2021-03-16T23:59:12Z" duration-ms="4724" status="PASS">
          <reporter-output>
          </reporter-output>
        </test-method> <!-- launchBrowser -->
        <test-method signature="testEasy()[pri:0, instance:LearningMaven.Learn@5d7148e2]" started-at="2021-03-16T23:59:12Z" name="testEasy" finished-at="2021-03-16T23:59:14Z" duration-ms="1488" status="PASS">
          <reporter-output>
          </reporter-output>
        </test-method> <!-- testEasy -->
        <test-method is-config="true" signature="terminateBrowser()[pri:0, instance:LearningMaven.Learn@5d7148e2]" started-at="2021-03-16T23:59:14Z" name="terminateBrowser" finished-at="2021-03-16T23:59:15Z" duration-ms="877" status="PASS">
          <reporter-output>
          </reporter-output>
        </test-method> <!-- terminateBrowser -->
      </class> <!-- LearningMaven.Learn -->
    </test> <!-- Test -->
  </suite> <!-- Suite -->
</testng-results>
