<?xml version="1.0" encoding="UTF-8"?>
<!-- Generated by org.testng.reporters.JUnitXMLReporter -->
<testsuite ignored="0" hostname="Alpha-3HLS322" failures="0" tests="4" name="FirefoxTest" time="0.192" errors="0" timestamp="2021-04-05T14:46:37 EDT">
  <testcase classname="TestCases.TC_Login_logout" name="@BeforeTest lauchtoLoginPage" time="0.081">
    <failure type="java.lang.NoClassDefFoundError" message="Could not initialize class Utilities.Log">
      <![CDATA[java.lang.NoClassDefFoundError: Could not initialize class Utilities.Log
at TestCases.TC_Login_logout.lauchtoLoginPage(TC_Login_logout.java:52)
at java.base/java.util.concurrent.FutureTask.run(FutureTask.java:264)
at java.base/java.util.concurrent.ThreadPoolExecutor.runWorker(ThreadPoolExecutor.java:1130)
at java.base/java.util.concurrent.ThreadPoolExecutor$Worker.run(ThreadPoolExecutor.java:630)
at java.base/java.lang.Thread.run(Thread.java:832)
... Removed 15 stack frames]]>
    </failure>
  </testcase> <!-- @BeforeTest lauchtoLoginPage -->
  <testcase classname="TestCases.TC_Login_logout" name="@BeforeTest lauchtoLoginPage" time="0.081">
    <failure type="java.lang.NoClassDefFoundError" message="org/slf4j/Logger">
      <![CDATA[java.lang.NoClassDefFoundError: org/slf4j/Logger
at org.apache.logging.slf4j.SLF4JLoggerContext.getLogger(SLF4JLoggerContext.java:39)
at org.apache.log4j.Category.<init>(Category.java:82)
at org.apache.log4j.Logger.<init>(Logger.java:33)
at org.apache.log4j.Category$PrivateAdapter.newLogger(Category.java:523)
at org.apache.log4j.Category.getInstance(Category.java:124)
at org.apache.log4j.Category.getInstance(Category.java:104)
at org.apache.log4j.Logger.getLogger(Logger.java:37)
at Utilities.Log.<clinit>(Log.java:6)
at TestCases.TC_Login_logout.lauchtoLoginPage(TC_Login_logout.java:52)
at java.base/java.util.concurrent.FutureTask.run(FutureTask.java:264)
at java.base/java.util.concurrent.ThreadPoolExecutor.runWorker(ThreadPoolExecutor.java:1130)
at java.base/java.util.concurrent.ThreadPoolExecutor$Worker.run(ThreadPoolExecutor.java:630)
at java.base/java.lang.Thread.run(Thread.java:832)
Caused by: java.lang.ClassNotFoundException: org.slf4j.Logger
at java.base/jdk.internal.loader.BuiltinClassLoader.loadClass(BuiltinClassLoader.java:606)
at java.base/jdk.internal.loader.ClassLoaders$AppClassLoader.loadClass(ClassLoaders.java:168)
at java.base/java.lang.ClassLoader.loadClass(ClassLoader.java:522)
... 28 more
... Removed 15 stack frames]]>
    </failure>
  </testcase> <!-- @BeforeTest lauchtoLoginPage -->
  <testcase classname="TestCases.TC_Login_logout" name="@AfterTest terminateBroswer" time="-1.617648397426E9">
    <skipped/>
  </testcase> <!-- @AfterTest terminateBroswer -->
  <testcase classname="TestCases.TC_Login_logout" name="@AfterTest terminateBroswer" time="-1.617648397447E9">
    <skipped/>
  </testcase> <!-- @AfterTest terminateBroswer -->
  <testcase classname="TestCases.TC_Login_logout" name="GotoLoginPage" time="0.0">
    <skipped/>
  </testcase> <!-- GotoLoginPage -->
  <testcase classname="TestCases.TC_Login_logout" name="Loginto" time="0.0">
    <skipped/>
  </testcase> <!-- Loginto -->
  <testcase classname="TestCases.TC_Login_logout" name="Search" time="0.0">
    <skipped/>
  </testcase> <!-- Search -->
  <testcase classname="TestCases.TC_Login_logout" name="Logout" time="0.0">
    <skipped/>
  </testcase> <!-- Logout -->
</testsuite> <!-- FirefoxTest -->
